<?xml version="1.0" encoding="UTF-8"?>
<!-- Generated by org.testng.reporters.JUnitXMLReporter -->
<testsuite hostname="RAJU-PC" ignored="0" name="Test" tests="4" failures="0" timestamp="10 Apr 2018 12:48:11 GMT" time="0.061" errors="0">
  <testcase name="bbbb" time="0.013" classname="testsuites.testingpriorities"/>
  <testcase name="ffff" time="0.001" classname="testsuites.testingpriorities"/>
  <testcase name="ppp" time="0.004" classname="testsuites.testingpriorities"/>
  <testcase name="aaa" time="0.002" classname="testsuites.testingpriorities"/>
</testsuite> <!-- Test -->
