<?xml version="1.0" encoding="UTF-8"?>
<testng-results skipped="0" failed="0" ignored="0" total="1" passed="1">
  <reporter-output>
  </reporter-output>
  <suite name="Default suite" duration-ms="15105" started-at="2018-04-23T17:31:07Z" finished-at="2018-04-23T17:31:22Z">
    <groups>
    </groups>
    <test name="Default test" duration-ms="15105" started-at="2018-04-23T17:31:07Z" finished-at="2018-04-23T17:31:22Z">
      <class name="Testngsample.facebook">
        <test-method status="PASS" signature="f()[pri:0, instance:Testngsample.facebook@51e2adc7]" name="f" duration-ms="15058" started-at="2018-04-23T17:31:07Z" finished-at="2018-04-23T17:31:22Z">
          <reporter-output>
          </reporter-output>
        </test-method> <!-- f -->
      </class> <!-- Testngsample.facebook -->
    </test> <!-- Default test -->
  </suite> <!-- Default suite -->
</testng-results>
